Determining if the pthread_create exist failed with the following output:
Change Dir: /home/student/fe_ros/ros_catkin_ws/build/ur3_moveit_config/CMakeFiles/CMakeTmp

Run Build Command:"/usr/bin/make" "cmTC_8fded/fast"
/usr/bin/make -f CMakeFiles/cmTC_8fded.dir/build.make CMakeFiles/cmTC_8fded.dir/build
make[1]: Entering directory '/home/student/fe_ros/ros_catkin_ws/build/ur3_moveit_config/CMakeFiles/CMakeTmp'
Building C object CMakeFiles/cmTC_8fded.dir/CheckSymbolExists.c.o
/usr/bin/cc    -o CMakeFiles/cmTC_8fded.dir/CheckSymbolExists.c.o   -c /home/student/fe_ros/ros_catkin_ws/build/ur3_moveit_config/CMakeFiles/CMakeTmp/CheckSymbolExists.c
Linking C executable cmTC_8fded
/usr/bin/cmake -E cmake_link_script CMakeFiles/cmTC_8fded.dir/link.txt --verbose=1
/usr/bin/cc      -rdynamic CMakeFiles/cmTC_8fded.dir/CheckSymbolExists.c.o  -o cmTC_8fded 
CMakeFiles/cmTC_8fded.dir/CheckSymbolExists.c.o: In function `main':
CheckSymbolExists.c:(.text+0x1b): undefined reference to `pthread_create'
collect2: error: ld returned 1 exit status
CMakeFiles/cmTC_8fded.dir/build.make:97: recipe for target 'cmTC_8fded' failed
make[1]: *** [cmTC_8fded] Error 1
make[1]: Leaving directory '/home/student/fe_ros/ros_catkin_ws/build/ur3_moveit_config/CMakeFiles/CMakeTmp'
Makefile:126: recipe for target 'cmTC_8fded/fast' failed
make: *** [cmTC_8fded/fast] Error 2

File /home/student/fe_ros/ros_catkin_ws/build/ur3_moveit_config/CMakeFiles/CMakeTmp/CheckSymbolExists.c:
/* */
#include <pthread.h>

int main(int argc, char** argv)
{
  (void)argv;
#ifndef pthread_create
  return ((int*)(&pthread_create))[argc];
#else
  (void)argc;
  return 0;
#endif
}

Determining if the function pthread_create exists in the pthreads failed with the following output:
Change Dir: /home/student/fe_ros/ros_catkin_ws/build/ur3_moveit_config/CMakeFiles/CMakeTmp

Run Build Command:"/usr/bin/make" "cmTC_ace5c/fast"
/usr/bin/make -f CMakeFiles/cmTC_ace5c.dir/build.make CMakeFiles/cmTC_ace5c.dir/build
make[1]: Entering directory '/home/student/fe_ros/ros_catkin_ws/build/ur3_moveit_config/CMakeFiles/CMakeTmp'
Building C object CMakeFiles/cmTC_ace5c.dir/CheckFunctionExists.c.o
/usr/bin/cc   -DCHECK_FUNCTION_EXISTS=pthread_create   -o CMakeFiles/cmTC_ace5c.dir/CheckFunctionExists.c.o   -c /usr/share/cmake-3.10/Modules/CheckFunctionExists.c
Linking C executable cmTC_ace5c
/usr/bin/cmake -E cmake_link_script CMakeFiles/cmTC_ace5c.dir/link.txt --verbose=1
/usr/bin/cc  -DCHECK_FUNCTION_EXISTS=pthread_create    -rdynamic CMakeFiles/cmTC_ace5c.dir/CheckFunctionExists.c.o  -o cmTC_ace5c -lpthreads 
/usr/bin/ld: cannot find -lpthreads
collect2: error: ld returned 1 exit status
CMakeFiles/cmTC_ace5c.dir/build.make:97: recipe for target 'cmTC_ace5c' failed
make[1]: *** [cmTC_ace5c] Error 1
make[1]: Leaving directory '/home/student/fe_ros/ros_catkin_ws/build/ur3_moveit_config/CMakeFiles/CMakeTmp'
Makefile:126: recipe for target 'cmTC_ace5c/fast' failed
make: *** [cmTC_ace5c/fast] Error 2


