Determining if the pthread_create exist failed with the following output:
Change Dir: /home/student/fe_ros/ros_catkin_ws/build/ur5e_moveit_config/CMakeFiles/CMakeTmp

Run Build Command:"/usr/bin/make" "cmTC_63c39/fast"
/usr/bin/make -f CMakeFiles/cmTC_63c39.dir/build.make CMakeFiles/cmTC_63c39.dir/build
make[1]: Entering directory '/home/student/fe_ros/ros_catkin_ws/build/ur5e_moveit_config/CMakeFiles/CMakeTmp'
Building C object CMakeFiles/cmTC_63c39.dir/CheckSymbolExists.c.o
/usr/bin/cc    -o CMakeFiles/cmTC_63c39.dir/CheckSymbolExists.c.o   -c /home/student/fe_ros/ros_catkin_ws/build/ur5e_moveit_config/CMakeFiles/CMakeTmp/CheckSymbolExists.c
Linking C executable cmTC_63c39
/usr/bin/cmake -E cmake_link_script CMakeFiles/cmTC_63c39.dir/link.txt --verbose=1
/usr/bin/cc      -rdynamic CMakeFiles/cmTC_63c39.dir/CheckSymbolExists.c.o  -o cmTC_63c39 
CMakeFiles/cmTC_63c39.dir/CheckSymbolExists.c.o: In function `main':
CheckSymbolExists.c:(.text+0x1b): undefined reference to `pthread_create'
collect2: error: ld returned 1 exit status
CMakeFiles/cmTC_63c39.dir/build.make:97: recipe for target 'cmTC_63c39' failed
make[1]: *** [cmTC_63c39] Error 1
make[1]: Leaving directory '/home/student/fe_ros/ros_catkin_ws/build/ur5e_moveit_config/CMakeFiles/CMakeTmp'
Makefile:126: recipe for target 'cmTC_63c39/fast' failed
make: *** [cmTC_63c39/fast] Error 2

File /home/student/fe_ros/ros_catkin_ws/build/ur5e_moveit_config/CMakeFiles/CMakeTmp/CheckSymbolExists.c:
/* */
#include <pthread.h>

int main(int argc, char** argv)
{
  (void)argv;
#ifndef pthread_create
  return ((int*)(&pthread_create))[argc];
#else
  (void)argc;
  return 0;
#endif
}

Determining if the function pthread_create exists in the pthreads failed with the following output:
Change Dir: /home/student/fe_ros/ros_catkin_ws/build/ur5e_moveit_config/CMakeFiles/CMakeTmp

Run Build Command:"/usr/bin/make" "cmTC_c0c7a/fast"
/usr/bin/make -f CMakeFiles/cmTC_c0c7a.dir/build.make CMakeFiles/cmTC_c0c7a.dir/build
make[1]: Entering directory '/home/student/fe_ros/ros_catkin_ws/build/ur5e_moveit_config/CMakeFiles/CMakeTmp'
Building C object CMakeFiles/cmTC_c0c7a.dir/CheckFunctionExists.c.o
/usr/bin/cc   -DCHECK_FUNCTION_EXISTS=pthread_create   -o CMakeFiles/cmTC_c0c7a.dir/CheckFunctionExists.c.o   -c /usr/share/cmake-3.10/Modules/CheckFunctionExists.c
Linking C executable cmTC_c0c7a
/usr/bin/cmake -E cmake_link_script CMakeFiles/cmTC_c0c7a.dir/link.txt --verbose=1
/usr/bin/cc  -DCHECK_FUNCTION_EXISTS=pthread_create    -rdynamic CMakeFiles/cmTC_c0c7a.dir/CheckFunctionExists.c.o  -o cmTC_c0c7a -lpthreads 
/usr/bin/ld: cannot find -lpthreads
collect2: error: ld returned 1 exit status
CMakeFiles/cmTC_c0c7a.dir/build.make:97: recipe for target 'cmTC_c0c7a' failed
make[1]: *** [cmTC_c0c7a] Error 1
make[1]: Leaving directory '/home/student/fe_ros/ros_catkin_ws/build/ur5e_moveit_config/CMakeFiles/CMakeTmp'
Makefile:126: recipe for target 'cmTC_c0c7a/fast' failed
make: *** [cmTC_c0c7a/fast] Error 2


